<?xml version="1.0" encoding="UTF-8"?>
<testng-results skipped="0" failed="0" total="1" passed="1">
  <reporter-output>
  </reporter-output>
  <suite name="Default suite" duration-ms="21441" started-at="2014-11-09T15:26:51Z" finished-at="2014-11-09T15:27:13Z">
    <groups>
    </groups>
    <test name="Default test" duration-ms="21441" started-at="2014-11-09T15:26:51Z" finished-at="2014-11-09T15:27:13Z">
      <class name="com.selenium.test.gmail">
        <test-method status="PASS" signature="beforeSuite()[pri:0, instance:com.selenium.test.gmail@303bc257]" name="beforeSuite" is-config="true" duration-ms="16091" started-at="2014-11-09T20:56:52Z" finished-at="2014-11-09T20:57:08Z">
          <reporter-output>
          </reporter-output>
        </test-method> <!-- beforeSuite -->
        <test-method status="PASS" signature="test1()[pri:0, instance:com.selenium.test.gmail@303bc257]" name="test1" duration-ms="5054" started-at="2014-11-09T20:57:08Z" finished-at="2014-11-09T20:57:13Z">
          <reporter-output>
          </reporter-output>
        </test-method> <!-- test1 -->
        <test-method status="PASS" signature="afterSuite()[pri:0, instance:com.selenium.test.gmail@303bc257]" name="afterSuite" is-config="true" duration-ms="265" started-at="2014-11-09T20:57:13Z" finished-at="2014-11-09T20:57:13Z">
          <reporter-output>
          </reporter-output>
        </test-method> <!-- afterSuite -->
      </class> <!-- com.selenium.test.gmail -->
    </test> <!-- Default test -->
  </suite> <!-- Default suite -->
</testng-results>
